{"C:\\Users\\Admin\\CSE416-SBU12-P4SBU\\server\\app.js": {"path":"C:\\Users\\Admin\\CSE416-SBU12-P4SBU\\server\\app.js","statementMap":{"0":{"start":{"line":6,"column":12},"end":{"line":6,"column":21}},"1":{"start":{"line":7,"column":0},"end":{"line":7,"column":16}},"2":{"start":{"line":8,"column":0},"end":{"line":8,"column":24}},"3":{"start":{"line":11,"column":0},"end":{"line":11,"column":33}},"4":{"start":{"line":12,"column":0},"end":{"line":12,"column":36}}},"fnMap":{},"branchMap":{},"s":{"0":2,"1":2,"2":2,"3":2,"4":2},"f":{},"b":{},"inputSourceMap":null,"_coverageSchema":"1a1c01bbd47fc00a2c39e90264f33305004495a9","hash":"2dd31e3761122ac1197663381da081898a004f01"}
,"C:\\Users\\Admin\\CSE416-SBU12-P4SBU\\server\\config\\db.js": {"path":"C:\\Users\\Admin\\CSE416-SBU12-P4SBU\\server\\config\\db.js","statementMap":{"0":{"start":{"line":4,"column":0},"end":{"line":4,"column":16}},"1":{"start":{"line":5,"column":17},"end":{"line":5,"column":20}},"2":{"start":{"line":7,"column":13},"end":{"line":12,"column":2}}},"fnMap":{},"branchMap":{},"s":{"0":2,"1":2,"2":2},"f":{},"b":{},"inputSourceMap":null,"_coverageSchema":"1a1c01bbd47fc00a2c39e90264f33305004495a9","hash":"151656a9d7d95602c780d7d2997f810c7ab0e5e0"}
,"C:\\Users\\Admin\\CSE416-SBU12-P4SBU\\server\\controllers\\authControllers.js": {"path":"C:\\Users\\Admin\\CSE416-SBU12-P4SBU\\server\\controllers\\authControllers.js","statementMap":{"0":{"start":{"line":6,"column":0},"end":{"line":6,"column":16}},"1":{"start":{"line":8,"column":19},"end":{"line":8,"column":41}},"2":{"start":{"line":11,"column":28},"end":{"line":27,"column":1}},"3":{"start":{"line":12,"column":38},"end":{"line":12,"column":46}},"4":{"start":{"line":14,"column":4},"end":{"line":26,"column":5}},"5":{"start":{"line":15,"column":29},"end":{"line":15,"column":57}},"6":{"start":{"line":16,"column":8},"end":{"line":17,"column":74}},"7":{"start":{"line":17,"column":12},"end":{"line":17,"column":74}},"8":{"start":{"line":19,"column":24},"end":{"line":19,"column":63}},"9":{"start":{"line":20,"column":8},"end":{"line":23,"column":11}},"10":{"start":{"line":25,"column":8},"end":{"line":25,"column":55}},"11":{"start":{"line":30,"column":25},"end":{"line":52,"column":1}},"12":{"start":{"line":31,"column":32},"end":{"line":31,"column":40}},"13":{"start":{"line":33,"column":4},"end":{"line":51,"column":5}},"14":{"start":{"line":34,"column":21},"end":{"line":34,"column":49}},"15":{"start":{"line":35,"column":8},"end":{"line":36,"column":74}},"16":{"start":{"line":36,"column":12},"end":{"line":36,"column":74}},"17":{"start":{"line":38,"column":24},"end":{"line":38,"column":74}},"18":{"start":{"line":39,"column":8},"end":{"line":40,"column":74}},"19":{"start":{"line":40,"column":12},"end":{"line":40,"column":74}},"20":{"start":{"line":42,"column":22},"end":{"line":46,"column":9}},"21":{"start":{"line":48,"column":8},"end":{"line":48,"column":34}},"22":{"start":{"line":50,"column":8},"end":{"line":50,"column":55}}},"fnMap":{"0":{"name":"(anonymous_0)","decl":{"start":{"line":11,"column":28},"end":{"line":11,"column":29}},"loc":{"start":{"line":11,"column":48},"end":{"line":27,"column":1}},"line":11},"1":{"name":"(anonymous_1)","decl":{"start":{"line":30,"column":25},"end":{"line":30,"column":26}},"loc":{"start":{"line":30,"column":45},"end":{"line":52,"column":1}},"line":30}},"branchMap":{"0":{"loc":{"start":{"line":16,"column":8},"end":{"line":17,"column":74}},"type":"if","locations":[{"start":{"line":16,"column":8},"end":{"line":17,"column":74}},{"start":{},"end":{}}],"line":16},"1":{"loc":{"start":{"line":35,"column":8},"end":{"line":36,"column":74}},"type":"if","locations":[{"start":{"line":35,"column":8},"end":{"line":36,"column":74}},{"start":{},"end":{}}],"line":35},"2":{"loc":{"start":{"line":39,"column":8},"end":{"line":40,"column":74}},"type":"if","locations":[{"start":{"line":39,"column":8},"end":{"line":40,"column":74}},{"start":{},"end":{}}],"line":39}},"s":{"0":2,"1":2,"2":2,"3":2,"4":2,"5":2,"6":0,"7":0,"8":0,"9":0,"10":2,"11":2,"12":2,"13":2,"14":2,"15":0,"16":0,"17":0,"18":0,"19":0,"20":0,"21":0,"22":2},"f":{"0":2,"1":2},"b":{"0":[0,0],"1":[0,0],"2":[0,0]},"inputSourceMap":null,"_coverageSchema":"1a1c01bbd47fc00a2c39e90264f33305004495a9","hash":"c61e1f4926805f13f32e0ca2a70230ba0cdf8e61"}
,"C:\\Users\\Admin\\CSE416-SBU12-P4SBU\\server\\controllers\\searchControllers.js": {"path":"C:\\Users\\Admin\\CSE416-SBU12-P4SBU\\server\\controllers\\searchControllers.js","statementMap":{"0":{"start":{"line":4,"column":31},"end":{"line":15,"column":1}},"1":{"start":{"line":5,"column":18},"end":{"line":5,"column":27}},"2":{"start":{"line":7,"column":4},"end":{"line":14,"column":5}},"3":{"start":{"line":8,"column":30},"end":{"line":8,"column":53}},"4":{"start":{"line":9,"column":8},"end":{"line":11,"column":11}},"5":{"start":{"line":13,"column":8},"end":{"line":13,"column":55}},"6":{"start":{"line":18,"column":23},"end":{"line":27,"column":1}},"7":{"start":{"line":19,"column":4},"end":{"line":26,"column":5}},"8":{"start":{"line":20,"column":24},"end":{"line":20,"column":41}},"9":{"start":{"line":21,"column":8},"end":{"line":23,"column":11}},"10":{"start":{"line":25,"column":8},"end":{"line":25,"column":55}}},"fnMap":{"0":{"name":"(anonymous_0)","decl":{"start":{"line":4,"column":31},"end":{"line":4,"column":32}},"loc":{"start":{"line":4,"column":51},"end":{"line":15,"column":1}},"line":4},"1":{"name":"(anonymous_1)","decl":{"start":{"line":18,"column":23},"end":{"line":18,"column":24}},"loc":{"start":{"line":18,"column":43},"end":{"line":27,"column":1}},"line":18}},"branchMap":{},"s":{"0":2,"1":1,"2":1,"3":1,"4":0,"5":1,"6":2,"7":1,"8":1,"9":0,"10":1},"f":{"0":1,"1":1},"b":{},"inputSourceMap":null,"_coverageSchema":"1a1c01bbd47fc00a2c39e90264f33305004495a9","hash":"c6c542298f5380ab1a86a22be80dfaede72aeb3c"}
,"C:\\Users\\Admin\\CSE416-SBU12-P4SBU\\server\\middleware\\authMiddleware.js": {"path":"C:\\Users\\Admin\\CSE416-SBU12-P4SBU\\server\\middleware\\authMiddleware.js","statementMap":{"0":{"start":{"line":3,"column":0},"end":{"line":3,"column":16}},"1":{"start":{"line":5,"column":15},"end":{"line":5,"column":37}},"2":{"start":{"line":8,"column":4},"end":{"line":8,"column":29}},"3":{"start":{"line":9,"column":18},"end":{"line":9,"column":58}},"4":{"start":{"line":10,"column":4},"end":{"line":13,"column":5}},"5":{"start":{"line":11,"column":8},"end":{"line":11,"column":41}},"6":{"start":{"line":12,"column":8},"end":{"line":12,"column":66}},"7":{"start":{"line":15,"column":4},"end":{"line":26,"column":5}},"8":{"start":{"line":16,"column":25},"end":{"line":16,"column":50}},"9":{"start":{"line":17,"column":8},"end":{"line":17,"column":49}},"10":{"start":{"line":18,"column":8},"end":{"line":18,"column":28}},"11":{"start":{"line":19,"column":8},"end":{"line":19,"column":15}},"12":{"start":{"line":21,"column":8},"end":{"line":21,"column":64}},"13":{"start":{"line":22,"column":8},"end":{"line":24,"column":9}},"14":{"start":{"line":23,"column":12},"end":{"line":23,"column":70}},"15":{"start":{"line":25,"column":8},"end":{"line":25,"column":59}}},"fnMap":{"0":{"name":"authMiddleware","decl":{"start":{"line":7,"column":9},"end":{"line":7,"column":23}},"loc":{"start":{"line":7,"column":40},"end":{"line":27,"column":1}},"line":7}},"branchMap":{"0":{"loc":{"start":{"line":10,"column":4},"end":{"line":13,"column":5}},"type":"if","locations":[{"start":{"line":10,"column":4},"end":{"line":13,"column":5}},{"start":{},"end":{}}],"line":10},"1":{"loc":{"start":{"line":22,"column":8},"end":{"line":24,"column":9}},"type":"if","locations":[{"start":{"line":22,"column":8},"end":{"line":24,"column":9}},{"start":{},"end":{}}],"line":22}},"s":{"0":3,"1":3,"2":2,"3":2,"4":2,"5":1,"6":1,"7":1,"8":1,"9":0,"10":0,"11":0,"12":1,"13":1,"14":0,"15":1},"f":{"0":2},"b":{"0":[1,1],"1":[0,1]},"inputSourceMap":null,"_coverageSchema":"1a1c01bbd47fc00a2c39e90264f33305004495a9","hash":"c45db8be77c19c67c79439babe71659195e778bd"}
,"C:\\Users\\Admin\\CSE416-SBU12-P4SBU\\server\\models\\searchModel.js": {"path":"C:\\Users\\Admin\\CSE416-SBU12-P4SBU\\server\\models\\searchModel.js","statementMap":{"0":{"start":{"line":3,"column":30},"end":{"line":12,"column":1}},"1":{"start":{"line":4,"column":4},"end":{"line":11,"column":5}},"2":{"start":{"line":5,"column":25},"end":{"line":7,"column":20}},"3":{"start":{"line":8,"column":8},"end":{"line":8,"column":20}},"4":{"start":{"line":10,"column":8},"end":{"line":10,"column":39}},"5":{"start":{"line":14,"column":25},"end":{"line":22,"column":1}},"6":{"start":{"line":15,"column":4},"end":{"line":21,"column":5}},"7":{"start":{"line":16,"column":25},"end":{"line":17,"column":33}},"8":{"start":{"line":18,"column":8},"end":{"line":18,"column":20}},"9":{"start":{"line":20,"column":8},"end":{"line":20,"column":39}}},"fnMap":{"0":{"name":"(anonymous_0)","decl":{"start":{"line":3,"column":30},"end":{"line":3,"column":31}},"loc":{"start":{"line":3,"column":47},"end":{"line":12,"column":1}},"line":3},"1":{"name":"(anonymous_1)","decl":{"start":{"line":14,"column":25},"end":{"line":14,"column":26}},"loc":{"start":{"line":14,"column":37},"end":{"line":22,"column":1}},"line":14}},"branchMap":{},"s":{"0":2,"1":1,"2":1,"3":0,"4":1,"5":2,"6":1,"7":1,"8":0,"9":1},"f":{"0":1,"1":1},"b":{},"inputSourceMap":null,"_coverageSchema":"1a1c01bbd47fc00a2c39e90264f33305004495a9","hash":"5267a6051ff92d9156e13edacc90a8cdebb04833"}
,"C:\\Users\\Admin\\CSE416-SBU12-P4SBU\\server\\models\\userModel.js": {"path":"C:\\Users\\Admin\\CSE416-SBU12-P4SBU\\server\\models\\userModel.js","statementMap":{"0":{"start":{"line":4,"column":19},"end":{"line":4,"column":21}},"1":{"start":{"line":6,"column":24},"end":{"line":13,"column":1}},"2":{"start":{"line":7,"column":4},"end":{"line":12,"column":5}},"3":{"start":{"line":8,"column":25},"end":{"line":8,"column":64}},"4":{"start":{"line":9,"column":8},"end":{"line":9,"column":20}},"5":{"start":{"line":11,"column":8},"end":{"line":11,"column":39}},"6":{"start":{"line":15,"column":31},"end":{"line":25,"column":1}},"7":{"start":{"line":16,"column":4},"end":{"line":24,"column":5}},"8":{"start":{"line":17,"column":25},"end":{"line":20,"column":9}},"9":{"start":{"line":21,"column":8},"end":{"line":21,"column":23}},"10":{"start":{"line":23,"column":8},"end":{"line":23,"column":39}},"11":{"start":{"line":27,"column":26},"end":{"line":38,"column":1}},"12":{"start":{"line":28,"column":4},"end":{"line":37,"column":5}},"13":{"start":{"line":29,"column":31},"end":{"line":29,"column":70}},"14":{"start":{"line":30,"column":25},"end":{"line":33,"column":9}},"15":{"start":{"line":34,"column":8},"end":{"line":34,"column":23}},"16":{"start":{"line":36,"column":8},"end":{"line":36,"column":39}}},"fnMap":{"0":{"name":"(anonymous_0)","decl":{"start":{"line":6,"column":24},"end":{"line":6,"column":25}},"loc":{"start":{"line":6,"column":36},"end":{"line":13,"column":1}},"line":6},"1":{"name":"(anonymous_1)","decl":{"start":{"line":15,"column":31},"end":{"line":15,"column":32}},"loc":{"start":{"line":15,"column":48},"end":{"line":25,"column":1}},"line":15},"2":{"name":"(anonymous_2)","decl":{"start":{"line":27,"column":26},"end":{"line":27,"column":27}},"loc":{"start":{"line":27,"column":59},"end":{"line":38,"column":1}},"line":27}},"branchMap":{},"s":{"0":2,"1":2,"2":0,"3":0,"4":0,"5":0,"6":2,"7":4,"8":4,"9":0,"10":4,"11":2,"12":0,"13":0,"14":0,"15":0,"16":0},"f":{"0":0,"1":4,"2":0},"b":{},"inputSourceMap":null,"_coverageSchema":"1a1c01bbd47fc00a2c39e90264f33305004495a9","hash":"0ab2614527a77244b4253d9a551832332598bdfb"}
,"C:\\Users\\Admin\\CSE416-SBU12-P4SBU\\server\\routes\\authRoutes.js": {"path":"C:\\Users\\Admin\\CSE416-SBU12-P4SBU\\server\\routes\\authRoutes.js","statementMap":{"0":{"start":{"line":5,"column":15},"end":{"line":5,"column":31}},"1":{"start":{"line":7,"column":0},"end":{"line":7,"column":39}},"2":{"start":{"line":8,"column":0},"end":{"line":8,"column":33}},"3":{"start":{"line":9,"column":0},"end":{"line":11,"column":3}},"4":{"start":{"line":10,"column":4},"end":{"line":10,"column":65}}},"fnMap":{"0":{"name":"(anonymous_0)","decl":{"start":{"line":9,"column":41},"end":{"line":9,"column":42}},"loc":{"start":{"line":9,"column":55},"end":{"line":11,"column":1}},"line":9}},"branchMap":{},"s":{"0":2,"1":2,"2":2,"3":2,"4":0},"f":{"0":0},"b":{},"inputSourceMap":null,"_coverageSchema":"1a1c01bbd47fc00a2c39e90264f33305004495a9","hash":"4b9f0d559532534ec7c5b0b6ef8b1dbf1a1fb3e8"}
,"C:\\Users\\Admin\\CSE416-SBU12-P4SBU\\server\\routes\\searchRoutes.js": {"path":"C:\\Users\\Admin\\CSE416-SBU12-P4SBU\\server\\routes\\searchRoutes.js","statementMap":{"0":{"start":{"line":4,"column":15},"end":{"line":4,"column":31}},"1":{"start":{"line":6,"column":0},"end":{"line":6,"column":42}},"2":{"start":{"line":7,"column":0},"end":{"line":7,"column":29}}},"fnMap":{},"branchMap":{},"s":{"0":2,"1":2,"2":2},"f":{},"b":{},"inputSourceMap":null,"_coverageSchema":"1a1c01bbd47fc00a2c39e90264f33305004495a9","hash":"f6fb626753948a042e74587fbce31189cbc01d2f"}
,"C:\\Users\\Admin\\CSE416-SBU12-P4SBU\\server\\tests\\db.js": {"path":"C:\\Users\\Admin\\CSE416-SBU12-P4SBU\\server\\tests\\db.js","statementMap":{"0":{"start":{"line":4,"column":0},"end":{"line":4,"column":16}},"1":{"start":{"line":5,"column":17},"end":{"line":5,"column":20}},"2":{"start":{"line":7,"column":13},"end":{"line":12,"column":2}},"3":{"start":{"line":17,"column":2},"end":{"line":17,"column":19}}},"fnMap":{"0":{"name":"closePool","decl":{"start":{"line":16,"column":22},"end":{"line":16,"column":31}},"loc":{"start":{"line":16,"column":34},"end":{"line":18,"column":1}},"line":16}},"branchMap":{},"s":{"0":2,"1":2,"2":2,"3":1},"f":{"0":1},"b":{},"inputSourceMap":null,"_coverageSchema":"1a1c01bbd47fc00a2c39e90264f33305004495a9","hash":"0ae47abf29e7552b4476e1d857b7f091752fdc93"}
}
