TN:
SF:app.js
FNF:0
FNH:0
DA:6,2
DA:7,2
DA:8,2
DA:11,2
DA:12,2
LF:5
LH:5
BRF:0
BRH:0
end_of_record
TN:
SF:config\db.js
FNF:0
FNH:0
DA:4,2
DA:5,2
DA:7,2
LF:3
LH:3
BRF:0
BRH:0
end_of_record
TN:
SF:controllers\authControllers.js
FN:11,(anonymous_0)
FN:30,(anonymous_1)
FNF:2
FNH:2
FNDA:2,(anonymous_0)
FNDA:2,(anonymous_1)
DA:6,2
DA:8,2
DA:11,2
DA:12,2
DA:14,2
DA:15,2
DA:16,0
DA:17,0
DA:19,0
DA:20,0
DA:25,2
DA:30,2
DA:31,2
DA:33,2
DA:34,2
DA:35,0
DA:36,0
DA:38,0
DA:39,0
DA:40,0
DA:42,0
DA:48,0
DA:50,2
LF:23
LH:12
BRDA:16,0,0,0
BRDA:16,0,1,0
BRDA:35,1,0,0
BRDA:35,1,1,0
BRDA:39,2,0,0
BRDA:39,2,1,0
BRF:6
BRH:0
end_of_record
TN:
SF:controllers\searchControllers.js
FN:4,(anonymous_0)
FN:18,(anonymous_1)
FNF:2
FNH:2
FNDA:1,(anonymous_0)
FNDA:1,(anonymous_1)
DA:4,2
DA:5,1
DA:7,1
DA:8,1
DA:9,0
DA:13,1
DA:18,2
DA:19,1
DA:20,1
DA:21,0
DA:25,1
LF:11
LH:9
BRF:0
BRH:0
end_of_record
TN:
SF:middleware\authMiddleware.js
FN:7,authMiddleware
FNF:1
FNH:1
FNDA:2,authMiddleware
DA:3,3
DA:5,3
DA:8,2
DA:9,2
DA:10,2
DA:11,1
DA:12,1
DA:15,1
DA:16,1
DA:17,0
DA:18,0
DA:19,0
DA:21,1
DA:22,1
DA:23,0
DA:25,1
LF:16
LH:12
BRDA:10,0,0,1
BRDA:10,0,1,1
BRDA:22,1,0,0
BRDA:22,1,1,1
BRF:4
BRH:3
end_of_record
TN:
SF:models\searchModel.js
FN:3,(anonymous_0)
FN:14,(anonymous_1)
FNF:2
FNH:2
FNDA:1,(anonymous_0)
FNDA:1,(anonymous_1)
DA:3,2
DA:4,1
DA:5,1
DA:8,0
DA:10,1
DA:14,2
DA:15,1
DA:16,1
DA:18,0
DA:20,1
LF:10
LH:8
BRF:0
BRH:0
end_of_record
TN:
SF:models\userModel.js
FN:6,(anonymous_0)
FN:15,(anonymous_1)
FN:27,(anonymous_2)
FNF:3
FNH:1
FNDA:0,(anonymous_0)
FNDA:4,(anonymous_1)
FNDA:0,(anonymous_2)
DA:4,2
DA:6,2
DA:7,0
DA:8,0
DA:9,0
DA:11,0
DA:15,2
DA:16,4
DA:17,4
DA:21,0
DA:23,4
DA:27,2
DA:28,0
DA:29,0
DA:30,0
DA:34,0
DA:36,0
LF:17
LH:7
BRF:0
BRH:0
end_of_record
TN:
SF:routes\authRoutes.js
FN:9,(anonymous_0)
FNF:1
FNH:0
FNDA:0,(anonymous_0)
DA:5,2
DA:7,2
DA:8,2
DA:9,2
DA:10,0
LF:5
LH:4
BRF:0
BRH:0
end_of_record
TN:
SF:routes\searchRoutes.js
FNF:0
FNH:0
DA:4,2
DA:6,2
DA:7,2
LF:3
LH:3
BRF:0
BRH:0
end_of_record
TN:
SF:tests\db.js
FN:16,closePool
FNF:1
FNH:1
FNDA:1,closePool
DA:4,2
DA:5,2
DA:7,2
DA:17,1
LF:4
LH:4
BRF:0
BRH:0
end_of_record
