{"/Users/brandonwong/VSCode/CSE416-SBU12-P4SBU/client/src/services/ApiService.jsx": {"path":"/Users/brandonwong/VSCode/CSE416-SBU12-P4SBU/client/src/services/ApiService.jsx","statementMap":{"0":{"start":{"line":5,"column":13},"end":{"line":7,"column":2}},"1":{"start":{"line":9,"column":21},"end":{"line":14,"column":1}},"2":{"start":{"line":10,"column":20},"end":{"line":10,"column":67}},"3":{"start":{"line":11,"column":4},"end":{"line":11,"column":59}},"4":{"start":{"line":12,"column":4},"end":{"line":12,"column":68}},"5":{"start":{"line":13,"column":4},"end":{"line":13,"column":58}},"6":{"start":{"line":16,"column":22},"end":{"line":21,"column":1}},"7":{"start":{"line":17,"column":4},"end":{"line":17,"column":27}},"8":{"start":{"line":18,"column":4},"end":{"line":18,"column":28}},"9":{"start":{"line":19,"column":4},"end":{"line":19,"column":39}},"10":{"start":{"line":20,"column":4},"end":{"line":20,"column":29}},"11":{"start":{"line":23,"column":30},"end":{"line":41,"column":1}},"12":{"start":{"line":24,"column":4},"end":{"line":40,"column":5}},"13":{"start":{"line":25,"column":27},"end":{"line":25,"column":46}},"14":{"start":{"line":26,"column":8},"end":{"line":26,"column":52}},"15":{"start":{"line":28,"column":8},"end":{"line":31,"column":9}},"16":{"start":{"line":29,"column":12},"end":{"line":29,"column":50}},"17":{"start":{"line":30,"column":12},"end":{"line":30,"column":24}},"18":{"start":{"line":33,"column":21},"end":{"line":33,"column":43}},"19":{"start":{"line":34,"column":8},"end":{"line":34,"column":50}},"20":{"start":{"line":35,"column":8},"end":{"line":35,"column":20}},"21":{"start":{"line":37,"column":8},"end":{"line":37,"column":62}},"22":{"start":{"line":38,"column":8},"end":{"line":38,"column":31}},"23":{"start":{"line":39,"column":8},"end":{"line":39,"column":20}},"24":{"start":{"line":43,"column":20},"end":{"line":109,"column":1}},"25":{"start":{"line":44,"column":4},"end":{"line":44,"column":45}},"26":{"start":{"line":45,"column":25},"end":{"line":71,"column":5}},"27":{"start":{"line":74,"column":30},"end":{"line":102,"column":6}},"28":{"start":{"line":75,"column":20},"end":{"line":75,"column":30}},"29":{"start":{"line":76,"column":23},"end":{"line":76,"column":41}},"30":{"start":{"line":77,"column":28},"end":{"line":77,"column":59}},"31":{"start":{"line":78,"column":26},"end":{"line":78,"column":54}},"32":{"start":{"line":81,"column":8},"end":{"line":96,"column":9}},"33":{"start":{"line":82,"column":12},"end":{"line":84,"column":19}},"34":{"start":{"line":85,"column":15},"end":{"line":96,"column":9}},"35":{"start":{"line":86,"column":12},"end":{"line":86,"column":79}},"36":{"start":{"line":88,"column":28},"end":{"line":94,"column":13}},"37":{"start":{"line":95,"column":12},"end":{"line":95,"column":74}},"38":{"start":{"line":98,"column":8},"end":{"line":101,"column":10}},"39":{"start":{"line":104,"column":4},"end":{"line":108,"column":7}},"40":{"start":{"line":105,"column":8},"end":{"line":107,"column":17}},"41":{"start":{"line":106,"column":12},"end":{"line":106,"column":39}},"42":{"start":{"line":112,"column":25},"end":{"line":188,"column":1}},"43":{"start":{"line":113,"column":4},"end":{"line":113,"column":50}},"44":{"start":{"line":114,"column":30},"end":{"line":150,"column":5}},"45":{"start":{"line":153,"column":35},"end":{"line":181,"column":6}},"46":{"start":{"line":154,"column":20},"end":{"line":154,"column":30}},"47":{"start":{"line":155,"column":23},"end":{"line":155,"column":46}},"48":{"start":{"line":156,"column":28},"end":{"line":156,"column":59}},"49":{"start":{"line":157,"column":26},"end":{"line":157,"column":54}},"50":{"start":{"line":160,"column":8},"end":{"line":175,"column":9}},"51":{"start":{"line":161,"column":12},"end":{"line":163,"column":19}},"52":{"start":{"line":164,"column":15},"end":{"line":175,"column":9}},"53":{"start":{"line":165,"column":12},"end":{"line":165,"column":79}},"54":{"start":{"line":167,"column":28},"end":{"line":173,"column":13}},"55":{"start":{"line":174,"column":12},"end":{"line":174,"column":79}},"56":{"start":{"line":177,"column":8},"end":{"line":180,"column":10}},"57":{"start":{"line":183,"column":4},"end":{"line":187,"column":7}},"58":{"start":{"line":184,"column":8},"end":{"line":186,"column":17}},"59":{"start":{"line":185,"column":12},"end":{"line":185,"column":44}},"60":{"start":{"line":190,"column":27},"end":{"line":209,"column":1}},"61":{"start":{"line":191,"column":4},"end":{"line":191,"column":65}},"62":{"start":{"line":193,"column":4},"end":{"line":208,"column":5}},"63":{"start":{"line":194,"column":25},"end":{"line":194,"column":76}},"64":{"start":{"line":195,"column":8},"end":{"line":195,"column":53}},"65":{"start":{"line":197,"column":32},"end":{"line":197,"column":45}},"66":{"start":{"line":199,"column":8},"end":{"line":199,"column":71}},"67":{"start":{"line":199,"column":29},"end":{"line":199,"column":71}},"68":{"start":{"line":201,"column":8},"end":{"line":201,"column":66}},"69":{"start":{"line":202,"column":8},"end":{"line":202,"column":52}},"70":{"start":{"line":203,"column":8},"end":{"line":203,"column":71}},"71":{"start":{"line":205,"column":8},"end":{"line":205,"column":80}},"72":{"start":{"line":206,"column":8},"end":{"line":206,"column":62}},"73":{"start":{"line":207,"column":8},"end":{"line":207,"column":18}},"74":{"start":{"line":212,"column":21},"end":{"line":223,"column":1}},"75":{"start":{"line":213,"column":4},"end":{"line":222,"column":5}},"76":{"start":{"line":214,"column":25},"end":{"line":218,"column":10}},"77":{"start":{"line":219,"column":8},"end":{"line":219,"column":29}},"78":{"start":{"line":221,"column":8},"end":{"line":221,"column":73}},"79":{"start":{"line":226,"column":27},"end":{"line":237,"column":1}},"80":{"start":{"line":227,"column":4},"end":{"line":236,"column":5}},"81":{"start":{"line":228,"column":25},"end":{"line":232,"column":10}},"82":{"start":{"line":233,"column":8},"end":{"line":233,"column":29}},"83":{"start":{"line":235,"column":8},"end":{"line":235,"column":73}},"84":{"start":{"line":240,"column":26},"end":{"line":252,"column":1}},"85":{"start":{"line":241,"column":4},"end":{"line":251,"column":5}},"86":{"start":{"line":242,"column":25},"end":{"line":247,"column":10}},"87":{"start":{"line":248,"column":8},"end":{"line":248,"column":29}},"88":{"start":{"line":250,"column":8},"end":{"line":250,"column":72}},"89":{"start":{"line":255,"column":28},"end":{"line":280,"column":1}},"90":{"start":{"line":261,"column":4},"end":{"line":279,"column":5}},"91":{"start":{"line":262,"column":8},"end":{"line":267,"column":11}},"92":{"start":{"line":268,"column":25},"end":{"line":273,"column":10}},"93":{"start":{"line":275,"column":8},"end":{"line":275,"column":29}},"94":{"start":{"line":277,"column":8},"end":{"line":277,"column":57}},"95":{"start":{"line":278,"column":8},"end":{"line":278,"column":76}},"96":{"start":{"line":282,"column":26},"end":{"line":290,"column":1}},"97":{"start":{"line":283,"column":4},"end":{"line":289,"column":5}},"98":{"start":{"line":284,"column":25},"end":{"line":284,"column":66}},"99":{"start":{"line":285,"column":8},"end":{"line":285,"column":29}},"100":{"start":{"line":287,"column":8},"end":{"line":287,"column":57}},"101":{"start":{"line":288,"column":8},"end":{"line":288,"column":77}},"102":{"start":{"line":292,"column":26},"end":{"line":300,"column":1}},"103":{"start":{"line":293,"column":4},"end":{"line":299,"column":5}},"104":{"start":{"line":294,"column":25},"end":{"line":294,"column":71}},"105":{"start":{"line":295,"column":8},"end":{"line":295,"column":29}},"106":{"start":{"line":297,"column":8},"end":{"line":297,"column":55}},"107":{"start":{"line":298,"column":8},"end":{"line":298,"column":75}},"108":{"start":{"line":304,"column":29},"end":{"line":312,"column":1}},"109":{"start":{"line":305,"column":4},"end":{"line":311,"column":5}},"110":{"start":{"line":306,"column":25},"end":{"line":306,"column":55}},"111":{"start":{"line":307,"column":8},"end":{"line":307,"column":29}},"112":{"start":{"line":309,"column":8},"end":{"line":309,"column":55}},"113":{"start":{"line":310,"column":8},"end":{"line":310,"column":75}},"114":{"start":{"line":313,"column":27},"end":{"line":320,"column":1}},"115":{"start":{"line":314,"column":4},"end":{"line":319,"column":5}},"116":{"start":{"line":315,"column":8},"end":{"line":315,"column":58}},"117":{"start":{"line":317,"column":8},"end":{"line":317,"column":56}},"118":{"start":{"line":318,"column":8},"end":{"line":318,"column":76}},"119":{"start":{"line":322,"column":26},"end":{"line":329,"column":1}},"120":{"start":{"line":323,"column":4},"end":{"line":328,"column":5}},"121":{"start":{"line":324,"column":8},"end":{"line":324,"column":57}},"122":{"start":{"line":326,"column":8},"end":{"line":326,"column":55}},"123":{"start":{"line":327,"column":8},"end":{"line":327,"column":75}},"124":{"start":{"line":332,"column":35},"end":{"line":340,"column":1}},"125":{"start":{"line":333,"column":4},"end":{"line":339,"column":5}},"126":{"start":{"line":334,"column":25},"end":{"line":334,"column":56}},"127":{"start":{"line":335,"column":8},"end":{"line":335,"column":29}},"128":{"start":{"line":337,"column":8},"end":{"line":337,"column":62}},"129":{"start":{"line":338,"column":8},"end":{"line":338,"column":82}},"130":{"start":{"line":343,"column":29},"end":{"line":351,"column":1}},"131":{"start":{"line":344,"column":4},"end":{"line":350,"column":5}},"132":{"start":{"line":345,"column":25},"end":{"line":345,"column":59}},"133":{"start":{"line":346,"column":8},"end":{"line":346,"column":29}},"134":{"start":{"line":348,"column":8},"end":{"line":348,"column":59}},"135":{"start":{"line":349,"column":8},"end":{"line":349,"column":79}},"136":{"start":{"line":355,"column":30},"end":{"line":363,"column":1}},"137":{"start":{"line":356,"column":4},"end":{"line":362,"column":5}},"138":{"start":{"line":357,"column":25},"end":{"line":357,"column":65}},"139":{"start":{"line":358,"column":8},"end":{"line":358,"column":29}},"140":{"start":{"line":360,"column":8},"end":{"line":360,"column":60}},"141":{"start":{"line":361,"column":8},"end":{"line":361,"column":80}},"142":{"start":{"line":366,"column":32},"end":{"line":375,"column":1}},"143":{"start":{"line":367,"column":4},"end":{"line":374,"column":5}},"144":{"start":{"line":368,"column":8},"end":{"line":368,"column":57}},"145":{"start":{"line":369,"column":25},"end":{"line":369,"column":64}},"146":{"start":{"line":370,"column":8},"end":{"line":370,"column":29}},"147":{"start":{"line":372,"column":8},"end":{"line":372,"column":62}},"148":{"start":{"line":373,"column":8},"end":{"line":373,"column":82}},"149":{"start":{"line":377,"column":22},"end":{"line":385,"column":1}},"150":{"start":{"line":378,"column":4},"end":{"line":384,"column":5}},"151":{"start":{"line":379,"column":25},"end":{"line":379,"column":69}},"152":{"start":{"line":380,"column":8},"end":{"line":380,"column":29}},"153":{"start":{"line":382,"column":8},"end":{"line":382,"column":75}},"154":{"start":{"line":383,"column":8},"end":{"line":383,"column":44}},"155":{"start":{"line":387,"column":28},"end":{"line":395,"column":1}},"156":{"start":{"line":388,"column":4},"end":{"line":394,"column":5}},"157":{"start":{"line":389,"column":25},"end":{"line":389,"column":70}},"158":{"start":{"line":390,"column":8},"end":{"line":390,"column":29}},"159":{"start":{"line":392,"column":8},"end":{"line":392,"column":79}},"160":{"start":{"line":393,"column":8},"end":{"line":393,"column":44}},"161":{"start":{"line":397,"column":19},"end":{"line":419,"column":1}}},"fnMap":{"0":{"name":"(anonymous_0)","decl":{"start":{"line":9,"column":21},"end":{"line":9,"column":22}},"loc":{"start":{"line":9,"column":31},"end":{"line":14,"column":1}},"line":9},"1":{"name":"(anonymous_1)","decl":{"start":{"line":16,"column":22},"end":{"line":16,"column":23}},"loc":{"start":{"line":16,"column":28},"end":{"line":21,"column":1}},"line":16},"2":{"name":"(anonymous_2)","decl":{"start":{"line":23,"column":30},"end":{"line":23,"column":31}},"loc":{"start":{"line":23,"column":36},"end":{"line":41,"column":1}},"line":23},"3":{"name":"(anonymous_3)","decl":{"start":{"line":43,"column":20},"end":{"line":43,"column":21}},"loc":{"start":{"line":43,"column":32},"end":{"line":109,"column":1}},"line":43},"4":{"name":"(anonymous_4)","decl":{"start":{"line":74,"column":47},"end":{"line":74,"column":48}},"loc":{"start":{"line":74,"column":60},"end":{"line":102,"column":5}},"line":74},"5":{"name":"(anonymous_5)","decl":{"start":{"line":104,"column":23},"end":{"line":104,"column":24}},"loc":{"start":{"line":104,"column":36},"end":{"line":108,"column":5}},"line":104},"6":{"name":"(anonymous_6)","decl":{"start":{"line":105,"column":19},"end":{"line":105,"column":20}},"loc":{"start":{"line":105,"column":25},"end":{"line":107,"column":9}},"line":105},"7":{"name":"(anonymous_7)","decl":{"start":{"line":112,"column":25},"end":{"line":112,"column":26}},"loc":{"start":{"line":112,"column":37},"end":{"line":188,"column":1}},"line":112},"8":{"name":"(anonymous_8)","decl":{"start":{"line":153,"column":57},"end":{"line":153,"column":58}},"loc":{"start":{"line":153,"column":75},"end":{"line":181,"column":5}},"line":153},"9":{"name":"(anonymous_9)","decl":{"start":{"line":183,"column":23},"end":{"line":183,"column":24}},"loc":{"start":{"line":183,"column":36},"end":{"line":187,"column":5}},"line":183},"10":{"name":"(anonymous_10)","decl":{"start":{"line":184,"column":19},"end":{"line":184,"column":20}},"loc":{"start":{"line":184,"column":25},"end":{"line":186,"column":9}},"line":184},"11":{"name":"(anonymous_11)","decl":{"start":{"line":190,"column":27},"end":{"line":190,"column":28}},"loc":{"start":{"line":190,"column":54},"end":{"line":209,"column":1}},"line":190},"12":{"name":"(anonymous_12)","decl":{"start":{"line":212,"column":21},"end":{"line":212,"column":22}},"loc":{"start":{"line":212,"column":54},"end":{"line":223,"column":1}},"line":212},"13":{"name":"(anonymous_13)","decl":{"start":{"line":226,"column":27},"end":{"line":226,"column":28}},"loc":{"start":{"line":226,"column":39},"end":{"line":237,"column":1}},"line":226},"14":{"name":"(anonymous_14)","decl":{"start":{"line":240,"column":26},"end":{"line":240,"column":27}},"loc":{"start":{"line":240,"column":76},"end":{"line":252,"column":1}},"line":240},"15":{"name":"(anonymous_15)","decl":{"start":{"line":255,"column":28},"end":{"line":255,"column":29}},"loc":{"start":{"line":260,"column":5},"end":{"line":280,"column":1}},"line":260},"16":{"name":"(anonymous_16)","decl":{"start":{"line":282,"column":26},"end":{"line":282,"column":27}},"loc":{"start":{"line":282,"column":44},"end":{"line":290,"column":1}},"line":282},"17":{"name":"(anonymous_17)","decl":{"start":{"line":292,"column":26},"end":{"line":292,"column":27}},"loc":{"start":{"line":292,"column":47},"end":{"line":300,"column":1}},"line":292},"18":{"name":"(anonymous_18)","decl":{"start":{"line":304,"column":29},"end":{"line":304,"column":30}},"loc":{"start":{"line":304,"column":41},"end":{"line":312,"column":1}},"line":304},"19":{"name":"(anonymous_19)","decl":{"start":{"line":313,"column":27},"end":{"line":313,"column":28}},"loc":{"start":{"line":313,"column":45},"end":{"line":320,"column":1}},"line":313},"20":{"name":"(anonymous_20)","decl":{"start":{"line":322,"column":26},"end":{"line":322,"column":27}},"loc":{"start":{"line":322,"column":44},"end":{"line":329,"column":1}},"line":322},"21":{"name":"(anonymous_21)","decl":{"start":{"line":332,"column":35},"end":{"line":332,"column":36}},"loc":{"start":{"line":332,"column":47},"end":{"line":340,"column":1}},"line":332},"22":{"name":"(anonymous_22)","decl":{"start":{"line":343,"column":29},"end":{"line":343,"column":30}},"loc":{"start":{"line":343,"column":45},"end":{"line":351,"column":1}},"line":343},"23":{"name":"(anonymous_23)","decl":{"start":{"line":355,"column":30},"end":{"line":355,"column":31}},"loc":{"start":{"line":355,"column":50},"end":{"line":363,"column":1}},"line":355},"24":{"name":"(anonymous_24)","decl":{"start":{"line":366,"column":32},"end":{"line":366,"column":33}},"loc":{"start":{"line":366,"column":46},"end":{"line":375,"column":1}},"line":366},"25":{"name":"(anonymous_25)","decl":{"start":{"line":377,"column":22},"end":{"line":377,"column":23}},"loc":{"start":{"line":377,"column":45},"end":{"line":385,"column":1}},"line":377},"26":{"name":"(anonymous_26)","decl":{"start":{"line":387,"column":28},"end":{"line":387,"column":29}},"loc":{"start":{"line":387,"column":46},"end":{"line":395,"column":1}},"line":387}},"branchMap":{"0":{"loc":{"start":{"line":28,"column":8},"end":{"line":31,"column":9}},"type":"if","locations":[{"start":{"line":28,"column":8},"end":{"line":31,"column":9}},{"start":{},"end":{}}],"line":28},"1":{"loc":{"start":{"line":81,"column":8},"end":{"line":96,"column":9}},"type":"if","locations":[{"start":{"line":81,"column":8},"end":{"line":96,"column":9}},{"start":{"line":85,"column":15},"end":{"line":96,"column":9}}],"line":81},"2":{"loc":{"start":{"line":83,"column":16},"end":{"line":83,"column":42}},"type":"cond-expr","locations":[{"start":{"line":83,"column":34},"end":{"line":83,"column":37}},{"start":{"line":83,"column":40},"end":{"line":83,"column":42}}],"line":83},"3":{"loc":{"start":{"line":85,"column":15},"end":{"line":96,"column":9}},"type":"if","locations":[{"start":{"line":85,"column":15},"end":{"line":96,"column":9}},{"start":{"line":87,"column":15},"end":{"line":96,"column":9}}],"line":85},"4":{"loc":{"start":{"line":86,"column":48},"end":{"line":86,"column":72}},"type":"cond-expr","locations":[{"start":{"line":86,"column":64},"end":{"line":86,"column":67}},{"start":{"line":86,"column":70},"end":{"line":86,"column":72}}],"line":86},"5":{"loc":{"start":{"line":160,"column":8},"end":{"line":175,"column":9}},"type":"if","locations":[{"start":{"line":160,"column":8},"end":{"line":175,"column":9}},{"start":{"line":164,"column":15},"end":{"line":175,"column":9}}],"line":160},"6":{"loc":{"start":{"line":162,"column":16},"end":{"line":162,"column":42}},"type":"cond-expr","locations":[{"start":{"line":162,"column":34},"end":{"line":162,"column":37}},{"start":{"line":162,"column":40},"end":{"line":162,"column":42}}],"line":162},"7":{"loc":{"start":{"line":164,"column":15},"end":{"line":175,"column":9}},"type":"if","locations":[{"start":{"line":164,"column":15},"end":{"line":175,"column":9}},{"start":{"line":166,"column":15},"end":{"line":175,"column":9}}],"line":164},"8":{"loc":{"start":{"line":165,"column":48},"end":{"line":165,"column":72}},"type":"cond-expr","locations":[{"start":{"line":165,"column":64},"end":{"line":165,"column":67}},{"start":{"line":165,"column":70},"end":{"line":165,"column":72}}],"line":165},"9":{"loc":{"start":{"line":199,"column":8},"end":{"line":199,"column":71}},"type":"if","locations":[{"start":{"line":199,"column":8},"end":{"line":199,"column":71}},{"start":{},"end":{}}],"line":199},"10":{"loc":{"start":{"line":199,"column":12},"end":{"line":199,"column":27}},"type":"binary-expr","locations":[{"start":{"line":199,"column":12},"end":{"line":199,"column":17}},{"start":{"line":199,"column":21},"end":{"line":199,"column":27}}],"line":199},"11":{"loc":{"start":{"line":205,"column":45},"end":{"line":205,"column":78}},"type":"binary-expr","locations":[{"start":{"line":205,"column":45},"end":{"line":205,"column":63}},{"start":{"line":205,"column":67},"end":{"line":205,"column":78}}],"line":205},"12":{"loc":{"start":{"line":221,"column":14},"end":{"line":221,"column":72}},"type":"binary-expr","locations":[{"start":{"line":221,"column":14},"end":{"line":221,"column":34}},{"start":{"line":221,"column":38},"end":{"line":221,"column":72}}],"line":221},"13":{"loc":{"start":{"line":235,"column":14},"end":{"line":235,"column":72}},"type":"binary-expr","locations":[{"start":{"line":235,"column":14},"end":{"line":235,"column":34}},{"start":{"line":235,"column":38},"end":{"line":235,"column":72}}],"line":235},"14":{"loc":{"start":{"line":250,"column":14},"end":{"line":250,"column":71}},"type":"binary-expr","locations":[{"start":{"line":250,"column":14},"end":{"line":250,"column":34}},{"start":{"line":250,"column":38},"end":{"line":250,"column":71}}],"line":250},"15":{"loc":{"start":{"line":278,"column":14},"end":{"line":278,"column":75}},"type":"binary-expr","locations":[{"start":{"line":278,"column":14},"end":{"line":278,"column":34}},{"start":{"line":278,"column":38},"end":{"line":278,"column":75}}],"line":278},"16":{"loc":{"start":{"line":288,"column":14},"end":{"line":288,"column":76}},"type":"binary-expr","locations":[{"start":{"line":288,"column":14},"end":{"line":288,"column":34}},{"start":{"line":288,"column":38},"end":{"line":288,"column":76}}],"line":288},"17":{"loc":{"start":{"line":298,"column":14},"end":{"line":298,"column":74}},"type":"binary-expr","locations":[{"start":{"line":298,"column":14},"end":{"line":298,"column":34}},{"start":{"line":298,"column":38},"end":{"line":298,"column":74}}],"line":298},"18":{"loc":{"start":{"line":310,"column":14},"end":{"line":310,"column":74}},"type":"binary-expr","locations":[{"start":{"line":310,"column":14},"end":{"line":310,"column":34}},{"start":{"line":310,"column":38},"end":{"line":310,"column":74}}],"line":310},"19":{"loc":{"start":{"line":318,"column":14},"end":{"line":318,"column":75}},"type":"binary-expr","locations":[{"start":{"line":318,"column":14},"end":{"line":318,"column":34}},{"start":{"line":318,"column":38},"end":{"line":318,"column":75}}],"line":318},"20":{"loc":{"start":{"line":327,"column":14},"end":{"line":327,"column":74}},"type":"binary-expr","locations":[{"start":{"line":327,"column":14},"end":{"line":327,"column":34}},{"start":{"line":327,"column":38},"end":{"line":327,"column":74}}],"line":327},"21":{"loc":{"start":{"line":338,"column":14},"end":{"line":338,"column":81}},"type":"binary-expr","locations":[{"start":{"line":338,"column":14},"end":{"line":338,"column":34}},{"start":{"line":338,"column":38},"end":{"line":338,"column":81}}],"line":338},"22":{"loc":{"start":{"line":349,"column":14},"end":{"line":349,"column":78}},"type":"binary-expr","locations":[{"start":{"line":349,"column":14},"end":{"line":349,"column":34}},{"start":{"line":349,"column":38},"end":{"line":349,"column":78}}],"line":349},"23":{"loc":{"start":{"line":361,"column":14},"end":{"line":361,"column":79}},"type":"binary-expr","locations":[{"start":{"line":361,"column":14},"end":{"line":361,"column":34}},{"start":{"line":361,"column":38},"end":{"line":361,"column":79}}],"line":361},"24":{"loc":{"start":{"line":373,"column":14},"end":{"line":373,"column":81}},"type":"binary-expr","locations":[{"start":{"line":373,"column":14},"end":{"line":373,"column":34}},{"start":{"line":373,"column":38},"end":{"line":373,"column":81}}],"line":373},"25":{"loc":{"start":{"line":382,"column":50},"end":{"line":382,"column":73}},"type":"binary-expr","locations":[{"start":{"line":382,"column":50},"end":{"line":382,"column":64}},{"start":{"line":382,"column":68},"end":{"line":382,"column":73}}],"line":382},"26":{"loc":{"start":{"line":383,"column":14},"end":{"line":383,"column":43}},"type":"binary-expr","locations":[{"start":{"line":383,"column":14},"end":{"line":383,"column":34}},{"start":{"line":383,"column":38},"end":{"line":383,"column":43}}],"line":383},"27":{"loc":{"start":{"line":392,"column":54},"end":{"line":392,"column":77}},"type":"binary-expr","locations":[{"start":{"line":392,"column":54},"end":{"line":392,"column":68}},{"start":{"line":392,"column":72},"end":{"line":392,"column":77}}],"line":392},"28":{"loc":{"start":{"line":393,"column":14},"end":{"line":393,"column":43}},"type":"binary-expr","locations":[{"start":{"line":393,"column":14},"end":{"line":393,"column":34}},{"start":{"line":393,"column":38},"end":{"line":393,"column":43}}],"line":393}},"s":{"0":2,"1":2,"2":0,"3":0,"4":0,"5":0,"6":2,"7":0,"8":0,"9":0,"10":0,"11":2,"12":0,"13":0,"14":0,"15":0,"16":0,"17":0,"18":0,"19":0,"20":0,"21":0,"22":0,"23":0,"24":2,"25":0,"26":0,"27":0,"28":0,"29":0,"30":0,"31":0,"32":0,"33":0,"34":0,"35":0,"36":0,"37":0,"38":0,"39":0,"40":0,"41":0,"42":2,"43":0,"44":0,"45":0,"46":0,"47":0,"48":0,"49":0,"50":0,"51":0,"52":0,"53":0,"54":0,"55":0,"56":0,"57":0,"58":0,"59":0,"60":2,"61":1,"62":1,"63":1,"64":1,"65":1,"66":1,"67":1,"68":0,"69":0,"70":0,"71":1,"72":1,"73":1,"74":2,"75":2,"76":2,"77":1,"78":1,"79":2,"80":0,"81":0,"82":0,"83":0,"84":2,"85":0,"86":0,"87":0,"88":0,"89":2,"90":0,"91":0,"92":0,"93":0,"94":0,"95":0,"96":2,"97":0,"98":0,"99":0,"100":0,"101":0,"102":2,"103":0,"104":0,"105":0,"106":0,"107":0,"108":2,"109":0,"110":0,"111":0,"112":0,"113":0,"114":2,"115":0,"116":0,"117":0,"118":0,"119":2,"120":0,"121":0,"122":0,"123":0,"124":2,"125":0,"126":0,"127":0,"128":0,"129":0,"130":2,"131":0,"132":0,"133":0,"134":0,"135":0,"136":2,"137":0,"138":0,"139":0,"140":0,"141":0,"142":2,"143":0,"144":0,"145":0,"146":0,"147":0,"148":0,"149":2,"150":2,"151":2,"152":1,"153":1,"154":1,"155":2,"156":2,"157":2,"158":1,"159":1,"160":1,"161":2},"f":{"0":0,"1":0,"2":0,"3":0,"4":0,"5":0,"6":0,"7":0,"8":0,"9":0,"10":0,"11":1,"12":2,"13":0,"14":0,"15":0,"16":0,"17":0,"18":0,"19":0,"20":0,"21":0,"22":0,"23":0,"24":0,"25":2,"26":2},"b":{"0":[0,0],"1":[0,0],"2":[0,0],"3":[0,0],"4":[0,0],"5":[0,0],"6":[0,0],"7":[0,0],"8":[0,0],"9":[1,0],"10":[1,0],"11":[1,1],"12":[1,0],"13":[0,0],"14":[0,0],"15":[0,0],"16":[0,0],"17":[0,0],"18":[0,0],"19":[0,0],"20":[0,0],"21":[0,0],"22":[0,0],"23":[0,0],"24":[0,0],"25":[1,0],"26":[1,0],"27":[1,0],"28":[1,0]},"_coverageSchema":"1a1c01bbd47fc00a2c39e90264f33305004495a9","hash":"bc224c5a5597ee0df0b4276257310321549e007b"}
}
