{"/Users/brandonwong/VSCode/CSE416-SBU12-P4SBU/client/src/services/ApiService.jsx": {"path":"/Users/brandonwong/VSCode/CSE416-SBU12-P4SBU/client/src/services/ApiService.jsx","statementMap":{"0":{"start":{"line":5,"column":13},"end":{"line":7,"column":2}},"1":{"start":{"line":9,"column":21},"end":{"line":13,"column":1}},"2":{"start":{"line":10,"column":4},"end":{"line":10,"column":53}},"3":{"start":{"line":11,"column":4},"end":{"line":11,"column":62}},"4":{"start":{"line":12,"column":4},"end":{"line":12,"column":58}},"5":{"start":{"line":15,"column":22},"end":{"line":18,"column":1}},"6":{"start":{"line":16,"column":4},"end":{"line":16,"column":27}},"7":{"start":{"line":17,"column":4},"end":{"line":17,"column":28}},"8":{"start":{"line":20,"column":30},"end":{"line":38,"column":1}},"9":{"start":{"line":21,"column":4},"end":{"line":37,"column":5}},"10":{"start":{"line":22,"column":27},"end":{"line":22,"column":46}},"11":{"start":{"line":23,"column":8},"end":{"line":23,"column":52}},"12":{"start":{"line":25,"column":8},"end":{"line":28,"column":9}},"13":{"start":{"line":26,"column":12},"end":{"line":26,"column":50}},"14":{"start":{"line":27,"column":12},"end":{"line":27,"column":24}},"15":{"start":{"line":30,"column":21},"end":{"line":30,"column":43}},"16":{"start":{"line":31,"column":8},"end":{"line":31,"column":50}},"17":{"start":{"line":32,"column":8},"end":{"line":32,"column":20}},"18":{"start":{"line":34,"column":8},"end":{"line":34,"column":62}},"19":{"start":{"line":35,"column":8},"end":{"line":35,"column":31}},"20":{"start":{"line":36,"column":8},"end":{"line":36,"column":20}},"21":{"start":{"line":40,"column":27},"end":{"line":63,"column":1}},"22":{"start":{"line":41,"column":4},"end":{"line":41,"column":65}},"23":{"start":{"line":43,"column":4},"end":{"line":62,"column":5}},"24":{"start":{"line":44,"column":25},"end":{"line":44,"column":76}},"25":{"start":{"line":45,"column":8},"end":{"line":45,"column":53}},"26":{"start":{"line":47,"column":32},"end":{"line":47,"column":45}},"27":{"start":{"line":49,"column":8},"end":{"line":49,"column":71}},"28":{"start":{"line":49,"column":29},"end":{"line":49,"column":71}},"29":{"start":{"line":51,"column":8},"end":{"line":51,"column":66}},"30":{"start":{"line":52,"column":8},"end":{"line":52,"column":52}},"31":{"start":{"line":53,"column":8},"end":{"line":53,"column":71}},"32":{"start":{"line":60,"column":8},"end":{"line":60,"column":58}},"33":{"start":{"line":61,"column":8},"end":{"line":61,"column":18}},"34":{"start":{"line":66,"column":21},"end":{"line":77,"column":1}},"35":{"start":{"line":67,"column":4},"end":{"line":76,"column":5}},"36":{"start":{"line":68,"column":25},"end":{"line":72,"column":10}},"37":{"start":{"line":73,"column":8},"end":{"line":73,"column":29}},"38":{"start":{"line":75,"column":8},"end":{"line":75,"column":73}},"39":{"start":{"line":80,"column":27},"end":{"line":91,"column":1}},"40":{"start":{"line":81,"column":4},"end":{"line":90,"column":5}},"41":{"start":{"line":82,"column":25},"end":{"line":86,"column":10}},"42":{"start":{"line":87,"column":8},"end":{"line":87,"column":29}},"43":{"start":{"line":89,"column":8},"end":{"line":89,"column":73}},"44":{"start":{"line":93,"column":19},"end":{"line":98,"column":1}}},"fnMap":{"0":{"name":"(anonymous_0)","decl":{"start":{"line":9,"column":21},"end":{"line":9,"column":22}},"loc":{"start":{"line":9,"column":31},"end":{"line":13,"column":1}},"line":9},"1":{"name":"(anonymous_1)","decl":{"start":{"line":15,"column":22},"end":{"line":15,"column":23}},"loc":{"start":{"line":15,"column":28},"end":{"line":18,"column":1}},"line":15},"2":{"name":"(anonymous_2)","decl":{"start":{"line":20,"column":30},"end":{"line":20,"column":31}},"loc":{"start":{"line":20,"column":36},"end":{"line":38,"column":1}},"line":20},"3":{"name":"(anonymous_3)","decl":{"start":{"line":40,"column":27},"end":{"line":40,"column":28}},"loc":{"start":{"line":40,"column":54},"end":{"line":63,"column":1}},"line":40},"4":{"name":"(anonymous_4)","decl":{"start":{"line":66,"column":21},"end":{"line":66,"column":22}},"loc":{"start":{"line":66,"column":54},"end":{"line":77,"column":1}},"line":66},"5":{"name":"(anonymous_5)","decl":{"start":{"line":80,"column":27},"end":{"line":80,"column":28}},"loc":{"start":{"line":80,"column":39},"end":{"line":91,"column":1}},"line":80}},"branchMap":{"0":{"loc":{"start":{"line":25,"column":8},"end":{"line":28,"column":9}},"type":"if","locations":[{"start":{"line":25,"column":8},"end":{"line":28,"column":9}},{"start":{},"end":{}}],"line":25},"1":{"loc":{"start":{"line":49,"column":8},"end":{"line":49,"column":71}},"type":"if","locations":[{"start":{"line":49,"column":8},"end":{"line":49,"column":71}},{"start":{},"end":{}}],"line":49},"2":{"loc":{"start":{"line":49,"column":12},"end":{"line":49,"column":27}},"type":"binary-expr","locations":[{"start":{"line":49,"column":12},"end":{"line":49,"column":17}},{"start":{"line":49,"column":21},"end":{"line":49,"column":27}}],"line":49},"3":{"loc":{"start":{"line":75,"column":14},"end":{"line":75,"column":72}},"type":"binary-expr","locations":[{"start":{"line":75,"column":14},"end":{"line":75,"column":34}},{"start":{"line":75,"column":38},"end":{"line":75,"column":72}}],"line":75},"4":{"loc":{"start":{"line":89,"column":14},"end":{"line":89,"column":72}},"type":"binary-expr","locations":[{"start":{"line":89,"column":14},"end":{"line":89,"column":34}},{"start":{"line":89,"column":38},"end":{"line":89,"column":72}}],"line":89}},"s":{"0":1,"1":1,"2":0,"3":0,"4":0,"5":1,"6":0,"7":0,"8":1,"9":0,"10":0,"11":0,"12":0,"13":0,"14":0,"15":0,"16":0,"17":0,"18":0,"19":0,"20":0,"21":1,"22":1,"23":1,"24":1,"25":1,"26":1,"27":1,"28":1,"29":0,"30":0,"31":0,"32":1,"33":1,"34":1,"35":2,"36":2,"37":1,"38":1,"39":1,"40":0,"41":0,"42":0,"43":0,"44":1},"f":{"0":0,"1":0,"2":0,"3":1,"4":2,"5":0},"b":{"0":[0,0],"1":[1,0],"2":[1,0],"3":[1,0],"4":[0,0]},"_coverageSchema":"1a1c01bbd47fc00a2c39e90264f33305004495a9","hash":"aea3078511762f1f89ef1179470657b3275f9c94"}
}
