TN:
SF:src/services/ApiService.jsx
FN:9,(anonymous_0)
FN:16,(anonymous_1)
FN:23,(anonymous_2)
FN:43,(anonymous_3)
FN:74,(anonymous_4)
FN:104,(anonymous_5)
FN:105,(anonymous_6)
FN:112,(anonymous_7)
FN:153,(anonymous_8)
FN:183,(anonymous_9)
FN:184,(anonymous_10)
FN:190,(anonymous_11)
FN:212,(anonymous_12)
FN:226,(anonymous_13)
FN:240,(anonymous_14)
FN:255,(anonymous_15)
FN:282,(anonymous_16)
FN:292,(anonymous_17)
FN:304,(anonymous_18)
FN:313,(anonymous_19)
FN:322,(anonymous_20)
FN:332,(anonymous_21)
FN:343,(anonymous_22)
FN:355,(anonymous_23)
FN:366,(anonymous_24)
FN:377,(anonymous_25)
FN:387,(anonymous_26)
FNF:27
FNH:4
FNDA:0,(anonymous_0)
FNDA:0,(anonymous_1)
FNDA:0,(anonymous_2)
FNDA:0,(anonymous_3)
FNDA:0,(anonymous_4)
FNDA:0,(anonymous_5)
FNDA:0,(anonymous_6)
FNDA:0,(anonymous_7)
FNDA:0,(anonymous_8)
FNDA:0,(anonymous_9)
FNDA:0,(anonymous_10)
FNDA:1,(anonymous_11)
FNDA:2,(anonymous_12)
FNDA:0,(anonymous_13)
FNDA:0,(anonymous_14)
FNDA:0,(anonymous_15)
FNDA:0,(anonymous_16)
FNDA:0,(anonymous_17)
FNDA:0,(anonymous_18)
FNDA:0,(anonymous_19)
FNDA:0,(anonymous_20)
FNDA:0,(anonymous_21)
FNDA:0,(anonymous_22)
FNDA:0,(anonymous_23)
FNDA:0,(anonymous_24)
FNDA:2,(anonymous_25)
FNDA:2,(anonymous_26)
DA:5,2
DA:9,2
DA:10,0
DA:11,0
DA:12,0
DA:13,0
DA:16,2
DA:17,0
DA:18,0
DA:19,0
DA:20,0
DA:23,2
DA:24,0
DA:25,0
DA:26,0
DA:28,0
DA:29,0
DA:30,0
DA:33,0
DA:34,0
DA:35,0
DA:37,0
DA:38,0
DA:39,0
DA:43,2
DA:44,0
DA:45,0
DA:74,0
DA:75,0
DA:76,0
DA:77,0
DA:78,0
DA:81,0
DA:82,0
DA:85,0
DA:86,0
DA:88,0
DA:95,0
DA:98,0
DA:104,0
DA:105,0
DA:106,0
DA:112,2
DA:113,0
DA:114,0
DA:153,0
DA:154,0
DA:155,0
DA:156,0
DA:157,0
DA:160,0
DA:161,0
DA:164,0
DA:165,0
DA:167,0
DA:174,0
DA:177,0
DA:183,0
DA:184,0
DA:185,0
DA:190,2
DA:191,1
DA:193,1
DA:194,1
DA:195,1
DA:197,1
DA:199,1
DA:201,0
DA:202,0
DA:203,0
DA:205,1
DA:206,1
DA:207,1
DA:212,2
DA:213,2
DA:214,2
DA:219,1
DA:221,1
DA:226,2
DA:227,0
DA:228,0
DA:233,0
DA:235,0
DA:240,2
DA:241,0
DA:242,0
DA:248,0
DA:250,0
DA:255,2
DA:261,0
DA:262,0
DA:268,0
DA:275,0
DA:277,0
DA:278,0
DA:282,2
DA:283,0
DA:284,0
DA:285,0
DA:287,0
DA:288,0
DA:292,2
DA:293,0
DA:294,0
DA:295,0
DA:297,0
DA:298,0
DA:304,2
DA:305,0
DA:306,0
DA:307,0
DA:309,0
DA:310,0
DA:313,2
DA:314,0
DA:315,0
DA:317,0
DA:318,0
DA:322,2
DA:323,0
DA:324,0
DA:326,0
DA:327,0
DA:332,2
DA:333,0
DA:334,0
DA:335,0
DA:337,0
DA:338,0
DA:343,2
DA:344,0
DA:345,0
DA:346,0
DA:348,0
DA:349,0
DA:355,2
DA:356,0
DA:357,0
DA:358,0
DA:360,0
DA:361,0
DA:366,2
DA:367,0
DA:368,0
DA:369,0
DA:370,0
DA:372,0
DA:373,0
DA:377,2
DA:378,2
DA:379,2
DA:380,1
DA:382,1
DA:383,1
DA:387,2
DA:388,2
DA:389,2
DA:390,1
DA:392,1
DA:393,1
DA:397,2
LF:161
LH:46
BRDA:28,0,0,0
BRDA:28,0,1,0
BRDA:81,1,0,0
BRDA:81,1,1,0
BRDA:83,2,0,0
BRDA:83,2,1,0
BRDA:85,3,0,0
BRDA:85,3,1,0
BRDA:86,4,0,0
BRDA:86,4,1,0
BRDA:160,5,0,0
BRDA:160,5,1,0
BRDA:162,6,0,0
BRDA:162,6,1,0
BRDA:164,7,0,0
BRDA:164,7,1,0
BRDA:165,8,0,0
BRDA:165,8,1,0
BRDA:199,9,0,1
BRDA:199,9,1,0
BRDA:199,10,0,1
BRDA:199,10,1,0
BRDA:205,11,0,1
BRDA:205,11,1,1
BRDA:221,12,0,1
BRDA:221,12,1,0
BRDA:235,13,0,0
BRDA:235,13,1,0
BRDA:250,14,0,0
BRDA:250,14,1,0
BRDA:278,15,0,0
BRDA:278,15,1,0
BRDA:288,16,0,0
BRDA:288,16,1,0
BRDA:298,17,0,0
BRDA:298,17,1,0
BRDA:310,18,0,0
BRDA:310,18,1,0
BRDA:318,19,0,0
BRDA:318,19,1,0
BRDA:327,20,0,0
BRDA:327,20,1,0
BRDA:338,21,0,0
BRDA:338,21,1,0
BRDA:349,22,0,0
BRDA:349,22,1,0
BRDA:361,23,0,0
BRDA:361,23,1,0
BRDA:373,24,0,0
BRDA:373,24,1,0
BRDA:382,25,0,1
BRDA:382,25,1,0
BRDA:383,26,0,1
BRDA:383,26,1,0
BRDA:392,27,0,1
BRDA:392,27,1,0
BRDA:393,28,0,1
BRDA:393,28,1,0
BRF:58
BRH:9
end_of_record
