TN:
SF:src/services/ApiService.jsx
FN:9,(anonymous_0)
FN:15,(anonymous_1)
FN:20,(anonymous_2)
FN:40,(anonymous_3)
FN:66,(anonymous_4)
FN:80,(anonymous_5)
FNF:6
FNH:2
FNDA:0,(anonymous_0)
FNDA:0,(anonymous_1)
FNDA:0,(anonymous_2)
FNDA:1,(anonymous_3)
FNDA:2,(anonymous_4)
FNDA:0,(anonymous_5)
DA:5,1
DA:9,1
DA:10,0
DA:11,0
DA:12,0
DA:15,1
DA:16,0
DA:17,0
DA:20,1
DA:21,0
DA:22,0
DA:23,0
DA:25,0
DA:26,0
DA:27,0
DA:30,0
DA:31,0
DA:32,0
DA:34,0
DA:35,0
DA:36,0
DA:40,1
DA:41,1
DA:43,1
DA:44,1
DA:45,1
DA:47,1
DA:49,1
DA:51,0
DA:52,0
DA:53,0
DA:60,1
DA:61,1
DA:66,1
DA:67,2
DA:68,2
DA:73,1
DA:75,1
DA:80,1
DA:81,0
DA:82,0
DA:87,0
DA:89,0
DA:93,1
LF:44
LH:20
BRDA:25,0,0,0
BRDA:25,0,1,0
BRDA:49,1,0,1
BRDA:49,1,1,0
BRDA:49,2,0,1
BRDA:49,2,1,0
BRDA:75,3,0,1
BRDA:75,3,1,0
BRDA:89,4,0,0
BRDA:89,4,1,0
BRF:10
BRH:3
end_of_record
